<?xml version="1.0" encoding="UTF-8"?>
<!-- Generated by org.testng.reporters.JUnitReportReporter -->
<testsuite hostname="DESKTOP-SQ1HPPK" failures="0" tests="3" name="com.testng.demo.TestNGDemo2" time="0.004" errors="0" timestamp="2022-12-17T21:36:18 IST" skipped="0">
  <testcase classname="com.testng.demo.TestNGDemo2" name="testcase4" time="0.002"/>
  <system-out/>
  <testcase classname="com.testng.demo.TestNGDemo2" name="testcase5" time="0.001"/>
  <system-out/>
  <testcase classname="com.testng.demo.TestNGDemo2" name="testcase6" time="0.001"/>
  <system-out/>
</testsuite> <!-- com.testng.demo.TestNGDemo2 -->
