<?xml version="1.0" encoding="UTF-8"?>
<!-- Generated by org.testng.reporters.JUnitReportReporter -->
<testsuite hostname="DESKTOP-SQ1HPPK" failures="0" tests="3" name="com.testng.demo.TestNGDemo" time="13.466" errors="0" timestamp="2022-12-17T22:57:26 IST" skipped="2">
  <testcase classname="com.testng.demo.TestNGDemo" name="verifySignupLaunch" time="13.466"/>
  <system-out/>
  <testcase classname="com.testng.demo.TestNGDemo" name="verifyLoginLaunch">
    <skipped/>
  </testcase> <!-- verifyLoginLaunch -->
  <system-out/>
  <testcase classname="com.testng.demo.TestNGDemo" name="verifyHomePage">
    <skipped/>
  </testcase> <!-- verifyHomePage -->
  <system-out/>
</testsuite> <!-- com.testng.demo.TestNGDemo -->
