<?xml version="1.0" encoding="UTF-8"?>
<!-- Generated by org.testng.reporters.JUnitReportReporter -->
<testsuite hostname="DESKTOP-SQ1HPPK" failures="0" tests="2" name="com.testng.demo.TestNGDemoRepeatTestCase" time="18.467" errors="0" timestamp="2023-01-08T22:06:43 IST" skipped="0">
  <testcase classname="com.testng.demo.TestNGDemoRepeatTestCase" name="testCase1" time="10.062"/>
  <system-out/>
  <testcase classname="com.testng.demo.TestNGDemoRepeatTestCase" name="testCase1" time="8.405"/>
  <system-out/>
</testsuite> <!-- com.testng.demo.TestNGDemoRepeatTestCase -->
